{"D:\\code\\TrainingCamp\\CREATE_JS\\stateMachine\\index.js": {"path":"D:\\code\\TrainingCamp\\CREATE_JS\\stateMachine\\index.js","statementMap":{"0":{"start":{"line":11,"column":12},"end":{"line":11,"column":24}},"1":{"start":{"line":12,"column":12},"end":{"line":12,"column":25}},"2":{"start":{"line":15,"column":14},"end":{"line":15,"column":19}},"3":{"start":{"line":16,"column":2},"end":{"line":19,"column":3}},"4":{"start":{"line":18,"column":4},"end":{"line":18,"column":21}},"5":{"start":{"line":20,"column":2},"end":{"line":22,"column":3}},"6":{"start":{"line":21,"column":4},"end":{"line":21,"column":16}},"7":{"start":{"line":23,"column":2},"end":{"line":23,"column":15}},"8":{"start":{"line":28,"column":2},"end":{"line":41,"column":3}},"9":{"start":{"line":29,"column":4},"end":{"line":29,"column":22}},"10":{"start":{"line":30,"column":9},"end":{"line":41,"column":3}},"11":{"start":{"line":31,"column":4},"end":{"line":31,"column":21}},"12":{"start":{"line":32,"column":9},"end":{"line":41,"column":3}},"13":{"start":{"line":36,"column":4},"end":{"line":36,"column":23}},"14":{"start":{"line":37,"column":9},"end":{"line":41,"column":3}},"15":{"start":{"line":38,"column":4},"end":{"line":38,"column":20}},"16":{"start":{"line":40,"column":4},"end":{"line":40,"column":16}},"17":{"start":{"line":45,"column":2},"end":{"line":58,"column":3}},"18":{"start":{"line":46,"column":4},"end":{"line":46,"column":16}},"19":{"start":{"line":47,"column":9},"end":{"line":58,"column":3}},"20":{"start":{"line":48,"column":4},"end":{"line":48,"column":21}},"21":{"start":{"line":49,"column":9},"end":{"line":58,"column":3}},"22":{"start":{"line":53,"column":4},"end":{"line":53,"column":23}},"23":{"start":{"line":54,"column":9},"end":{"line":58,"column":3}},"24":{"start":{"line":55,"column":4},"end":{"line":55,"column":20}},"25":{"start":{"line":57,"column":4},"end":{"line":57,"column":16}},"26":{"start":{"line":62,"column":2},"end":{"line":73,"column":3}},"27":{"start":{"line":63,"column":4},"end":{"line":63,"column":19}},"28":{"start":{"line":64,"column":9},"end":{"line":73,"column":3}},"29":{"start":{"line":68,"column":4},"end":{"line":68,"column":23}},"30":{"start":{"line":69,"column":9},"end":{"line":73,"column":3}},"31":{"start":{"line":70,"column":4},"end":{"line":70,"column":20}},"32":{"start":{"line":72,"column":4},"end":{"line":72,"column":16}},"33":{"start":{"line":77,"column":2},"end":{"line":86,"column":3}},"34":{"start":{"line":78,"column":4},"end":{"line":78,"column":19}},"35":{"start":{"line":79,"column":9},"end":{"line":86,"column":3}},"36":{"start":{"line":83,"column":4},"end":{"line":83,"column":20}},"37":{"start":{"line":85,"column":4},"end":{"line":85,"column":16}},"38":{"start":{"line":90,"column":2},"end":{"line":96,"column":3}},"39":{"start":{"line":91,"column":4},"end":{"line":91,"column":19}},"40":{"start":{"line":92,"column":9},"end":{"line":96,"column":3}},"41":{"start":{"line":93,"column":4},"end":{"line":93,"column":20}},"42":{"start":{"line":95,"column":4},"end":{"line":95,"column":16}},"43":{"start":{"line":99,"column":2},"end":{"line":99,"column":34}},"44":{"start":{"line":102,"column":2},"end":{"line":102,"column":14}},"45":{"start":{"line":111,"column":15},"end":{"line":111,"column":31}},"46":{"start":{"line":112,"column":2},"end":{"line":116,"column":3}},"47":{"start":{"line":112,"column":19},"end":{"line":112,"column":20}},"48":{"start":{"line":113,"column":4},"end":{"line":115,"column":5}},"49":{"start":{"line":114,"column":6},"end":{"line":114,"column":19}},"50":{"start":{"line":117,"column":2},"end":{"line":117,"column":12}},"51":{"start":{"line":121,"column":17},"end":{"line":121,"column":18}},"52":{"start":{"line":122,"column":2},"end":{"line":129,"column":3}},"53":{"start":{"line":122,"column":15},"end":{"line":122,"column":16}},"54":{"start":{"line":123,"column":4},"end":{"line":128,"column":5}},"55":{"start":{"line":124,"column":6},"end":{"line":124,"column":63}},"56":{"start":{"line":124,"column":43},"end":{"line":124,"column":63}},"57":{"start":{"line":125,"column":6},"end":{"line":125,"column":17}},"58":{"start":{"line":127,"column":6},"end":{"line":127,"column":19}},"59":{"start":{"line":130,"column":2},"end":{"line":130,"column":12}},"60":{"start":{"line":139,"column":22},"end":{"line":161,"column":1}},"61":{"start":{"line":140,"column":14},"end":{"line":140,"column":27}},"62":{"start":{"line":141,"column":15},"end":{"line":141,"column":29}},"63":{"start":{"line":142,"column":15},"end":{"line":142,"column":30}},"64":{"start":{"line":143,"column":10},"end":{"line":143,"column":11}},"65":{"start":{"line":144,"column":8},"end":{"line":144,"column":9}},"66":{"start":{"line":145,"column":2},"end":{"line":159,"column":3}},"67":{"start":{"line":146,"column":4},"end":{"line":155,"column":5}},"68":{"start":{"line":147,"column":6},"end":{"line":147,"column":10}},"69":{"start":{"line":148,"column":6},"end":{"line":148,"column":10}},"70":{"start":{"line":150,"column":6},"end":{"line":154,"column":7}},"71":{"start":{"line":151,"column":8},"end":{"line":151,"column":12}},"72":{"start":{"line":153,"column":8},"end":{"line":153,"column":14}},"73":{"start":{"line":156,"column":4},"end":{"line":158,"column":5}},"74":{"start":{"line":157,"column":6},"end":{"line":157,"column":21}},"75":{"start":{"line":160,"column":2},"end":{"line":160,"column":12}},"76":{"start":{"line":162,"column":0},"end":{"line":162,"column":49}}},"fnMap":{"0":{"name":"check","decl":{"start":{"line":14,"column":9},"end":{"line":14,"column":14}},"loc":{"start":{"line":14,"column":20},"end":{"line":24,"column":1}},"line":14},"1":{"name":"start","decl":{"start":{"line":27,"column":9},"end":{"line":27,"column":14}},"loc":{"start":{"line":27,"column":21},"end":{"line":42,"column":1}},"line":27},"2":{"name":"afterMinus","decl":{"start":{"line":44,"column":9},"end":{"line":44,"column":19}},"loc":{"start":{"line":44,"column":26},"end":{"line":59,"column":1}},"line":44},"3":{"name":"afterNumber","decl":{"start":{"line":61,"column":9},"end":{"line":61,"column":20}},"loc":{"start":{"line":61,"column":27},"end":{"line":74,"column":1}},"line":61},"4":{"name":"afterDot","decl":{"start":{"line":76,"column":9},"end":{"line":76,"column":17}},"loc":{"start":{"line":76,"column":24},"end":{"line":87,"column":1}},"line":76},"5":{"name":"afterZero","decl":{"start":{"line":89,"column":9},"end":{"line":89,"column":18}},"loc":{"start":{"line":89,"column":25},"end":{"line":97,"column":1}},"line":89},"6":{"name":"success","decl":{"start":{"line":98,"column":9},"end":{"line":98,"column":16}},"loc":{"start":{"line":98,"column":23},"end":{"line":100,"column":1}},"line":98},"7":{"name":"fail","decl":{"start":{"line":101,"column":9},"end":{"line":101,"column":13}},"loc":{"start":{"line":101,"column":20},"end":{"line":103,"column":1}},"line":101},"8":{"name":"find","decl":{"start":{"line":110,"column":9},"end":{"line":110,"column":13}},"loc":{"start":{"line":110,"column":31},"end":{"line":118,"column":1}},"line":110},"9":{"name":"find2","decl":{"start":{"line":120,"column":9},"end":{"line":120,"column":14}},"loc":{"start":{"line":120,"column":32},"end":{"line":131,"column":1}},"line":120},"10":{"name":"(anonymous_10)","decl":{"start":{"line":139,"column":22},"end":{"line":139,"column":23}},"loc":{"start":{"line":139,"column":42},"end":{"line":161,"column":1}},"line":139}},"branchMap":{"0":{"loc":{"start":{"line":20,"column":2},"end":{"line":22,"column":3}},"type":"if","locations":[{"start":{"line":20,"column":2},"end":{"line":22,"column":3}},{"start":{},"end":{}}],"line":20},"1":{"loc":{"start":{"line":28,"column":2},"end":{"line":41,"column":3}},"type":"if","locations":[{"start":{"line":28,"column":2},"end":{"line":41,"column":3}},{"start":{"line":30,"column":9},"end":{"line":41,"column":3}}],"line":28},"2":{"loc":{"start":{"line":30,"column":9},"end":{"line":41,"column":3}},"type":"if","locations":[{"start":{"line":30,"column":9},"end":{"line":41,"column":3}},{"start":{"line":32,"column":9},"end":{"line":41,"column":3}}],"line":30},"3":{"loc":{"start":{"line":32,"column":9},"end":{"line":41,"column":3}},"type":"if","locations":[{"start":{"line":32,"column":9},"end":{"line":41,"column":3}},{"start":{"line":37,"column":9},"end":{"line":41,"column":3}}],"line":32},"4":{"loc":{"start":{"line":33,"column":4},"end":{"line":34,"column":43}},"type":"binary-expr","locations":[{"start":{"line":33,"column":4},"end":{"line":33,"column":42}},{"start":{"line":34,"column":4},"end":{"line":34,"column":43}}],"line":33},"5":{"loc":{"start":{"line":37,"column":9},"end":{"line":41,"column":3}},"type":"if","locations":[{"start":{"line":37,"column":9},"end":{"line":41,"column":3}},{"start":{"line":39,"column":9},"end":{"line":41,"column":3}}],"line":37},"6":{"loc":{"start":{"line":45,"column":2},"end":{"line":58,"column":3}},"type":"if","locations":[{"start":{"line":45,"column":2},"end":{"line":58,"column":3}},{"start":{"line":47,"column":9},"end":{"line":58,"column":3}}],"line":45},"7":{"loc":{"start":{"line":47,"column":9},"end":{"line":58,"column":3}},"type":"if","locations":[{"start":{"line":47,"column":9},"end":{"line":58,"column":3}},{"start":{"line":49,"column":9},"end":{"line":58,"column":3}}],"line":47},"8":{"loc":{"start":{"line":49,"column":9},"end":{"line":58,"column":3}},"type":"if","locations":[{"start":{"line":49,"column":9},"end":{"line":58,"column":3}},{"start":{"line":54,"column":9},"end":{"line":58,"column":3}}],"line":49},"9":{"loc":{"start":{"line":50,"column":4},"end":{"line":51,"column":43}},"type":"binary-expr","locations":[{"start":{"line":50,"column":4},"end":{"line":50,"column":42}},{"start":{"line":51,"column":4},"end":{"line":51,"column":43}}],"line":50},"10":{"loc":{"start":{"line":54,"column":9},"end":{"line":58,"column":3}},"type":"if","locations":[{"start":{"line":54,"column":9},"end":{"line":58,"column":3}},{"start":{"line":56,"column":9},"end":{"line":58,"column":3}}],"line":54},"11":{"loc":{"start":{"line":62,"column":2},"end":{"line":73,"column":3}},"type":"if","locations":[{"start":{"line":62,"column":2},"end":{"line":73,"column":3}},{"start":{"line":64,"column":9},"end":{"line":73,"column":3}}],"line":62},"12":{"loc":{"start":{"line":64,"column":9},"end":{"line":73,"column":3}},"type":"if","locations":[{"start":{"line":64,"column":9},"end":{"line":73,"column":3}},{"start":{"line":69,"column":9},"end":{"line":73,"column":3}}],"line":64},"13":{"loc":{"start":{"line":65,"column":4},"end":{"line":66,"column":43}},"type":"binary-expr","locations":[{"start":{"line":65,"column":4},"end":{"line":65,"column":43}},{"start":{"line":66,"column":4},"end":{"line":66,"column":43}}],"line":65},"14":{"loc":{"start":{"line":69,"column":9},"end":{"line":73,"column":3}},"type":"if","locations":[{"start":{"line":69,"column":9},"end":{"line":73,"column":3}},{"start":{"line":71,"column":9},"end":{"line":73,"column":3}}],"line":69},"15":{"loc":{"start":{"line":77,"column":2},"end":{"line":86,"column":3}},"type":"if","locations":[{"start":{"line":77,"column":2},"end":{"line":86,"column":3}},{"start":{"line":79,"column":9},"end":{"line":86,"column":3}}],"line":77},"16":{"loc":{"start":{"line":79,"column":9},"end":{"line":86,"column":3}},"type":"if","locations":[{"start":{"line":79,"column":9},"end":{"line":86,"column":3}},{"start":{"line":84,"column":9},"end":{"line":86,"column":3}}],"line":79},"17":{"loc":{"start":{"line":80,"column":4},"end":{"line":81,"column":43}},"type":"binary-expr","locations":[{"start":{"line":80,"column":4},"end":{"line":80,"column":43}},{"start":{"line":81,"column":4},"end":{"line":81,"column":43}}],"line":80},"18":{"loc":{"start":{"line":90,"column":2},"end":{"line":96,"column":3}},"type":"if","locations":[{"start":{"line":90,"column":2},"end":{"line":96,"column":3}},{"start":{"line":92,"column":9},"end":{"line":96,"column":3}}],"line":90},"19":{"loc":{"start":{"line":92,"column":9},"end":{"line":96,"column":3}},"type":"if","locations":[{"start":{"line":92,"column":9},"end":{"line":96,"column":3}},{"start":{"line":94,"column":9},"end":{"line":96,"column":3}}],"line":92},"20":{"loc":{"start":{"line":113,"column":4},"end":{"line":115,"column":5}},"type":"if","locations":[{"start":{"line":113,"column":4},"end":{"line":115,"column":5}},{"start":{},"end":{}}],"line":113},"21":{"loc":{"start":{"line":123,"column":4},"end":{"line":128,"column":5}},"type":"if","locations":[{"start":{"line":123,"column":4},"end":{"line":128,"column":5}},{"start":{"line":126,"column":11},"end":{"line":128,"column":5}}],"line":123},"22":{"loc":{"start":{"line":124,"column":6},"end":{"line":124,"column":63}},"type":"if","locations":[{"start":{"line":124,"column":6},"end":{"line":124,"column":63}},{"start":{},"end":{}}],"line":124},"23":{"loc":{"start":{"line":146,"column":4},"end":{"line":155,"column":5}},"type":"if","locations":[{"start":{"line":146,"column":4},"end":{"line":155,"column":5}},{"start":{"line":149,"column":11},"end":{"line":155,"column":5}}],"line":146},"24":{"loc":{"start":{"line":150,"column":6},"end":{"line":154,"column":7}},"type":"if","locations":[{"start":{"line":150,"column":6},"end":{"line":154,"column":7}},{"start":{"line":152,"column":13},"end":{"line":154,"column":7}}],"line":150},"25":{"loc":{"start":{"line":156,"column":4},"end":{"line":158,"column":5}},"type":"if","locations":[{"start":{"line":156,"column":4},"end":{"line":158,"column":5}},{"start":{},"end":{}}],"line":156}},"s":{"0":1,"1":1,"2":0,"3":0,"4":0,"5":0,"6":0,"7":0,"8":0,"9":0,"10":0,"11":0,"12":0,"13":0,"14":0,"15":0,"16":0,"17":0,"18":0,"19":0,"20":0,"21":0,"22":0,"23":0,"24":0,"25":0,"26":0,"27":0,"28":0,"29":0,"30":0,"31":0,"32":0,"33":0,"34":0,"35":0,"36":0,"37":0,"38":0,"39":0,"40":0,"41":0,"42":0,"43":0,"44":0,"45":0,"46":0,"47":0,"48":0,"49":0,"50":0,"51":0,"52":0,"53":0,"54":0,"55":0,"56":0,"57":0,"58":0,"59":0,"60":1,"61":3,"62":3,"63":3,"64":3,"65":3,"66":3,"67":31,"68":21,"69":21,"70":10,"71":2,"72":8,"73":31,"74":1,"75":2,"76":1},"f":{"0":0,"1":0,"2":0,"3":0,"4":0,"5":0,"6":0,"7":0,"8":0,"9":0,"10":3},"b":{"0":[0,0],"1":[0,0],"2":[0,0],"3":[0,0],"4":[0,0],"5":[0,0],"6":[0,0],"7":[0,0],"8":[0,0],"9":[0,0],"10":[0,0],"11":[0,0],"12":[0,0],"13":[0,0],"14":[0,0],"15":[0,0],"16":[0,0],"17":[0,0],"18":[0,0],"19":[0,0],"20":[0,0],"21":[0,0],"22":[0,0],"23":[21,10],"24":[2,8],"25":[1,30]},"_coverageSchema":"1a1c01bbd47fc00a2c39e90264f33305004495a9","hash":"4966e11d9109fd44be49a4b6a426c9d97dd231c6"}
}
