{"D:\\code\\TrainingCamp\\CREATE_JS\\lexicalAnalysis\\lrsyntax.js": {"path":"D:\\code\\TrainingCamp\\CREATE_JS\\lexicalAnalysis\\lrsyntax.js","statementMap":{"0":{"start":{"line":5,"column":23},"end":{"line":22,"column":1}},"1":{"start":{"line":6,"column":14},"end":{"line":6,"column":25}},"2":{"start":{"line":7,"column":16},"end":{"line":7,"column":59}},"3":{"start":{"line":8,"column":18},"end":{"line":8,"column":20}},"4":{"start":{"line":9,"column":4},"end":{"line":18,"column":5}},"5":{"start":{"line":9,"column":14},"end":{"line":9,"column":15}},"6":{"start":{"line":10,"column":21},"end":{"line":10,"column":28}},"7":{"start":{"line":11,"column":8},"end":{"line":17,"column":9}},"8":{"start":{"line":13,"column":12},"end":{"line":13,"column":59}},"9":{"start":{"line":13,"column":46},"end":{"line":13,"column":59}},"10":{"start":{"line":16,"column":12},"end":{"line":16,"column":28}},"11":{"start":{"line":21,"column":4},"end":{"line":21,"column":30}}},"fnMap":{"0":{"name":"(anonymous_0)","decl":{"start":{"line":5,"column":23},"end":{"line":5,"column":24}},"loc":{"start":{"line":5,"column":32},"end":{"line":22,"column":1}},"line":5}},"branchMap":{"0":{"loc":{"start":{"line":11,"column":8},"end":{"line":17,"column":9}},"type":"if","locations":[{"start":{"line":11,"column":8},"end":{"line":17,"column":9}},{"start":{"line":14,"column":15},"end":{"line":17,"column":9}}],"line":11},"1":{"loc":{"start":{"line":13,"column":12},"end":{"line":13,"column":59}},"type":"if","locations":[{"start":{"line":13,"column":12},"end":{"line":13,"column":59}},{"start":{},"end":{}}],"line":13}},"s":{"0":1,"1":2,"2":2,"3":2,"4":2,"5":2,"6":9,"7":9,"8":5,"9":1,"10":4,"11":1},"f":{"0":2},"b":{"0":[5,4],"1":[1,4]},"_coverageSchema":"1a1c01bbd47fc00a2c39e90264f33305004495a9","hash":"0c0305f7a797aa4a020be69a335a7d8fc5d9a153"}
}
