TN:
SF:stateMachine\index.js
FN:14,check
FN:27,start
FN:44,afterMinus
FN:61,afterNumber
FN:76,afterDot
FN:89,afterZero
FN:98,success
FN:101,fail
FN:110,find
FN:120,find2
FN:139,(anonymous_10)
FNF:11
FNH:1
FNDA:0,check
FNDA:0,start
FNDA:0,afterMinus
FNDA:0,afterNumber
FNDA:0,afterDot
FNDA:0,afterZero
FNDA:0,success
FNDA:0,fail
FNDA:0,find
FNDA:0,find2
FNDA:3,(anonymous_10)
DA:11,1
DA:12,1
DA:15,0
DA:16,0
DA:18,0
DA:20,0
DA:21,0
DA:23,0
DA:28,0
DA:29,0
DA:30,0
DA:31,0
DA:32,0
DA:36,0
DA:37,0
DA:38,0
DA:40,0
DA:45,0
DA:46,0
DA:47,0
DA:48,0
DA:49,0
DA:53,0
DA:54,0
DA:55,0
DA:57,0
DA:62,0
DA:63,0
DA:64,0
DA:68,0
DA:69,0
DA:70,0
DA:72,0
DA:77,0
DA:78,0
DA:79,0
DA:83,0
DA:85,0
DA:90,0
DA:91,0
DA:92,0
DA:93,0
DA:95,0
DA:99,0
DA:102,0
DA:111,0
DA:112,0
DA:113,0
DA:114,0
DA:117,0
DA:121,0
DA:122,0
DA:123,0
DA:124,0
DA:125,0
DA:127,0
DA:130,0
DA:139,1
DA:140,3
DA:141,3
DA:142,3
DA:143,3
DA:144,3
DA:145,3
DA:146,31
DA:147,21
DA:148,21
DA:150,10
DA:151,2
DA:153,8
DA:156,31
DA:157,1
DA:160,2
DA:162,1
LF:74
LH:19
BRDA:20,0,0,0
BRDA:20,0,1,0
BRDA:28,1,0,0
BRDA:28,1,1,0
BRDA:30,2,0,0
BRDA:30,2,1,0
BRDA:32,3,0,0
BRDA:32,3,1,0
BRDA:33,4,0,0
BRDA:33,4,1,0
BRDA:37,5,0,0
BRDA:37,5,1,0
BRDA:45,6,0,0
BRDA:45,6,1,0
BRDA:47,7,0,0
BRDA:47,7,1,0
BRDA:49,8,0,0
BRDA:49,8,1,0
BRDA:50,9,0,0
BRDA:50,9,1,0
BRDA:54,10,0,0
BRDA:54,10,1,0
BRDA:62,11,0,0
BRDA:62,11,1,0
BRDA:64,12,0,0
BRDA:64,12,1,0
BRDA:65,13,0,0
BRDA:65,13,1,0
BRDA:69,14,0,0
BRDA:69,14,1,0
BRDA:77,15,0,0
BRDA:77,15,1,0
BRDA:79,16,0,0
BRDA:79,16,1,0
BRDA:80,17,0,0
BRDA:80,17,1,0
BRDA:90,18,0,0
BRDA:90,18,1,0
BRDA:92,19,0,0
BRDA:92,19,1,0
BRDA:113,20,0,0
BRDA:113,20,1,0
BRDA:123,21,0,0
BRDA:123,21,1,0
BRDA:124,22,0,0
BRDA:124,22,1,0
BRDA:146,23,0,21
BRDA:146,23,1,10
BRDA:150,24,0,2
BRDA:150,24,1,8
BRDA:156,25,0,1
BRDA:156,25,1,30
BRF:52
BRH:6
end_of_record
