{"E:\\code\\TrainingCamp\\engineering\\coverage-demo\\index.js": {"path":"E:\\code\\TrainingCamp\\engineering\\coverage-demo\\index.js","statementMap":{"0":{"start":{"line":1,"column":0},"end":{"line":7,"column":1}},"1":{"start":{"line":2,"column":4},"end":{"line":6,"column":5}},"2":{"start":{"line":3,"column":8},"end":{"line":3,"column":17}},"3":{"start":{"line":5,"column":8},"end":{"line":5,"column":17}}},"fnMap":{"0":{"name":"main","decl":{"start":{"line":1,"column":26},"end":{"line":1,"column":30}},"loc":{"start":{"line":1,"column":36},"end":{"line":7,"column":1}},"line":1}},"branchMap":{"0":{"loc":{"start":{"line":2,"column":4},"end":{"line":6,"column":5}},"type":"if","locations":[{"start":{"line":2,"column":4},"end":{"line":6,"column":5}},{"start":{"line":4,"column":11},"end":{"line":6,"column":5}}],"line":2},"1":{"loc":{"start":{"line":2,"column":7},"end":{"line":2,"column":13}},"type":"binary-expr","locations":[{"start":{"line":2,"column":7},"end":{"line":2,"column":8}},{"start":{"line":2,"column":12},"end":{"line":2,"column":13}}],"line":2}},"s":{"0":1,"1":1,"2":1,"3":0},"f":{"0":1},"b":{"0":[1,0],"1":[1,1]},"_coverageSchema":"1a1c01bbd47fc00a2c39e90264f33305004495a9","hash":"5e6ec5a62877a7a52439e96ede0c0a55625e469a"}
}
